1521386583269	geckodriver	INFO	geckodriver 0.20.0
1521386583273	geckodriver	INFO	Listening on 127.0.0.1:35397
1521386584390	mozrunner::runner	INFO	Running command: "/usr/bin/firefox" "-marionette" "-profile" "/tmp/rust_mozprofile.uQpIYjT7HyFQ"
1521386584644	addons.xpi	WARN	Can't get modified time of /usr/lib64/firefox/browser/features/aushelper@mozilla.org.xpi
1521386584720	addons.xpi-utils	WARN	addMetadata: Add-on aushelper@mozilla.org is invalid: [Exception... "Component returned failure code: 0x80520006 (NS_ERROR_FILE_TARGET_DOES_NOT_EXIST) [nsIFile.isFile]"  nsresult: "0x80520006 (NS_ERROR_FILE_TARGET_DOES_NOT_EXIST)"  location: "JS frame :: resource://gre/modules/addons/XPIInstall.jsm :: this.loadManifestFromFile :: line 969"  data: no] Stack trace: this.loadManifestFromFile()@resource://gre/modules/addons/XPIInstall.jsm:969 < syncLoadManifestFromFile()@resource://gre/modules/addons/XPIProvider.jsm:938 < addMetadata()@resource://gre/modules/addons/XPIProvider.jsm -> resource://gre/modules/addons/XPIProviderUtils.js:1176 < processFileChanges()@resource://gre/modules/addons/XPIProvider.jsm -> resource://gre/modules/addons/XPIProviderUtils.js:1532 < checkForChanges()@resource://gre/modules/addons/XPIProvider.jsm:3276 < startup()@resource://gre/modules/addons/XPIProvider.jsm:2182 < callProvider()@resource://gre/modules/AddonManager.jsm:264 < _startProvider()@resource://gre/modules/AddonManager.jsm:740 < startup()@resource://gre/modules/AddonManager.jsm:907 < startup()@resource://gre/modules/AddonManager.jsm:3089 < observe()@jar:file:///usr/lib64/firefox/omni.ja!/components/addonManager.js:65
1521386584722	addons.xpi-utils	WARN	Could not uninstall invalid item from locked install location
1521386584850	Marionette	INFO	Enabled via --marionette
1521386585856	addons.xpi	WARN	Can't get modified time of /usr/lib64/firefox/browser/features/aushelper@mozilla.org.xpi
1521386586036	Marionette	INFO	Listening on port 39411
1521386586144	Marionette	WARN	TLS certificate errors will be ignored for this session
JavaScript error: https://www.cda.pl/video/1124155a7, line 4009: ReferenceError: FB is not defined
JavaScript error: https://www.cda.pl/video/1124155a7, line 3626: ReferenceError: FB is not defined
JavaScript error: https://nextclick.pl/widget/widget.advertisement.1.js, line 1: TypeError: this.item is null
JavaScript error: https://tpc.googlesyndication.com/safeframe/1-0-17/html/container.html?n=1, line 12: SecurityError: Permission denied to access property "document" on cross-origin object
JavaScript error: https://www.cda.pl/video/1124155a7, line 4008: ReferenceError: FB is not defined
JavaScript error: https://www.cda.pl/video/1124155a7, line 3625: ReferenceError: FB is not defined
JavaScript error: https://nextclick.pl/widget/widget.advertisement.1.js, line 1: TypeError: this.item is null
JavaScript error: https://tpc.googlesyndication.com/safeframe/1-0-17/html/container.html?n=1, line 12: SecurityError: Permission denied to access property "document" on cross-origin object
*** UTM:SVC TimerManager:registerTimer called after profile-before-change notification. Ignoring timer registration for id: telemetry_modules_ping
1521386646047	geckodriver::marionette	ERROR	Failed to stop browser process
1521386652917	geckodriver	INFO	geckodriver 0.20.0
1521386652920	geckodriver	INFO	Listening on 127.0.0.1:47141
1521386654025	mozrunner::runner	INFO	Running command: "/usr/bin/firefox" "-marionette" "-profile" "/tmp/rust_mozprofile.5CFElMgD38MS"
1521386654214	addons.xpi	WARN	Can't get modified time of /usr/lib64/firefox/browser/features/aushelper@mozilla.org.xpi
1521386654288	addons.xpi-utils	WARN	addMetadata: Add-on aushelper@mozilla.org is invalid: [Exception... "Component returned failure code: 0x80520006 (NS_ERROR_FILE_TARGET_DOES_NOT_EXIST) [nsIFile.isFile]"  nsresult: "0x80520006 (NS_ERROR_FILE_TARGET_DOES_NOT_EXIST)"  location: "JS frame :: resource://gre/modules/addons/XPIInstall.jsm :: this.loadManifestFromFile :: line 969"  data: no] Stack trace: this.loadManifestFromFile()@resource://gre/modules/addons/XPIInstall.jsm:969 < syncLoadManifestFromFile()@resource://gre/modules/addons/XPIProvider.jsm:938 < addMetadata()@resource://gre/modules/addons/XPIProvider.jsm -> resource://gre/modules/addons/XPIProviderUtils.js:1176 < processFileChanges()@resource://gre/modules/addons/XPIProvider.jsm -> resource://gre/modules/addons/XPIProviderUtils.js:1532 < checkForChanges()@resource://gre/modules/addons/XPIProvider.jsm:3276 < startup()@resource://gre/modules/addons/XPIProvider.jsm:2182 < callProvider()@resource://gre/modules/AddonManager.jsm:264 < _startProvider()@resource://gre/modules/AddonManager.jsm:740 < startup()@resource://gre/modules/AddonManager.jsm:907 < startup()@resource://gre/modules/AddonManager.jsm:3089 < observe()@jar:file:///usr/lib64/firefox/omni.ja!/components/addonManager.js:65
1521386654288	addons.xpi-utils	WARN	Could not uninstall invalid item from locked install location
1521386654392	Marionette	INFO	Enabled via --marionette
1521386655322	addons.xpi	WARN	Can't get modified time of /usr/lib64/firefox/browser/features/aushelper@mozilla.org.xpi
1521386655646	Marionette	INFO	Listening on port 36033
1521386655752	Marionette	WARN	TLS certificate errors will be ignored for this session
JavaScript error: https://www.cda.pl/video/1124155a7, line 4009: ReferenceError: FB is not defined
JavaScript error: https://www.cda.pl/video/1124155a7, line 3626: ReferenceError: FB is not defined
JavaScript error: https://nextclick.pl/widget/widget.advertisement.1.js, line 1: TypeError: this.item is null
JavaScript error: https://tpc.googlesyndication.com/safeframe/1-0-17/html/container.html?n=1, line 12: SecurityError: Permission denied to access property "document" on cross-origin object
JavaScript error: https://www.cda.pl/video/1124155a7, line 4007: ReferenceError: FB is not defined
JavaScript error: https://www.cda.pl/video/1124155a7, line 3625: ReferenceError: FB is not defined
JavaScript error: https://tpc.googlesyndication.com/safeframe/1-0-17/html/container.html?n=1, line 12: SecurityError: Permission denied to access property "document" on cross-origin object
JavaScript error: https://www.cda.pl/video/1124155a7, line 4006: ReferenceError: FB is not defined
JavaScript error: https://www.cda.pl/video/1124155a7, line 3625: ReferenceError: FB is not defined
JavaScript error: https://tpc.googlesyndication.com/safeframe/1-0-17/html/container.html?n=1, line 12: SecurityError: Permission denied to access property "document" on cross-origin object
JavaScript error: https://www.cda.pl/video/112742844?a=1, line 3802: ReferenceError: FB is not defined
JavaScript error: https://www.cda.pl/video/112742844?a=1, line 3419: ReferenceError: FB is not defined
JavaScript error: https://tpc.googlesyndication.com/safeframe/1-0-17/html/container.html?n=1, line 12: SecurityError: Permission denied to access property "document" on cross-origin object
IPDL protocol error: Handler returned error code!

###!!! [Parent][DispatchAsyncMessage] Error: PLayerTransaction::Msg_ReleaseLayer Processing error: message was deserialized, but the handler returned false (indicating failure)

IPDL protocol error: Handler returned error code!

###!!! [Parent][DispatchAsyncMessage] Error: PLayerTransaction::Msg_ReleaseLayer Processing error: message was deserialized, but the handler returned false (indicating failure)

IPDL protocol error: Handler returned error code!

###!!! [Parent][DispatchAsyncMessage] Error: PLayerTransaction::Msg_ReleaseLayer Processing error: message was deserialized, but the handler returned false (indicating failure)

IPDL protocol error: Handler returned error code!

###!!! [Parent][DispatchAsyncMessage] Error: PLayerTransaction::Msg_ReleaseLayer Processing error: message was deserialized, but the handler returned false (indicating failure)

IPDL protocol error: Handler returned error code!

###!!! [Parent][DispatchAsyncMessage] Error: PLayerTransaction::Msg_ReleaseLayer Processing error: message was deserialized, but the handler returned false (indicating failure)

[Parent 11161, Gecko_IOThread] WARNING: pipe error (70): Connection reset by peer: file /builddir/build/BUILD/mozilla-release-c61f5f5ead48c78a80c80db5c489bdc7cfaf8175/ipc/chromium/src/chrome/common/ipc_channel_posix.cc, line 353
1521386768455	geckodriver	INFO	geckodriver 0.20.0
1521386768462	geckodriver	INFO	Listening on 127.0.0.1:47741
1521386769546	mozrunner::runner	INFO	Running command: "/usr/bin/firefox" "-marionette" "-profile" "/tmp/rust_mozprofile.KfGy4JnNHYBq"
1521386769736	addons.xpi	WARN	Can't get modified time of /usr/lib64/firefox/browser/features/aushelper@mozilla.org.xpi
1521386769822	addons.xpi-utils	WARN	addMetadata: Add-on aushelper@mozilla.org is invalid: [Exception... "Component returned failure code: 0x80520006 (NS_ERROR_FILE_TARGET_DOES_NOT_EXIST) [nsIFile.isFile]"  nsresult: "0x80520006 (NS_ERROR_FILE_TARGET_DOES_NOT_EXIST)"  location: "JS frame :: resource://gre/modules/addons/XPIInstall.jsm :: this.loadManifestFromFile :: line 969"  data: no] Stack trace: this.loadManifestFromFile()@resource://gre/modules/addons/XPIInstall.jsm:969 < syncLoadManifestFromFile()@resource://gre/modules/addons/XPIProvider.jsm:938 < addMetadata()@resource://gre/modules/addons/XPIProvider.jsm -> resource://gre/modules/addons/XPIProviderUtils.js:1176 < processFileChanges()@resource://gre/modules/addons/XPIProvider.jsm -> resource://gre/modules/addons/XPIProviderUtils.js:1532 < checkForChanges()@resource://gre/modules/addons/XPIProvider.jsm:3276 < startup()@resource://gre/modules/addons/XPIProvider.jsm:2182 < callProvider()@resource://gre/modules/AddonManager.jsm:264 < _startProvider()@resource://gre/modules/AddonManager.jsm:740 < startup()@resource://gre/modules/AddonManager.jsm:907 < startup()@resource://gre/modules/AddonManager.jsm:3089 < observe()@jar:file:///usr/lib64/firefox/omni.ja!/components/addonManager.js:65
1521386769824	addons.xpi-utils	WARN	Could not uninstall invalid item from locked install location
1521386769942	Marionette	INFO	Enabled via --marionette
1521386770830	addons.xpi	WARN	Can't get modified time of /usr/lib64/firefox/browser/features/aushelper@mozilla.org.xpi
1521386771026	Marionette	INFO	Listening on port 41241
1521386771096	Marionette	WARN	TLS certificate errors will be ignored for this session
JavaScript error: https://www.cda.pl/video/1124155a7, line 4009: ReferenceError: FB is not defined
JavaScript error: https://nextclick.pl/widget/widget.advertisement.1.js, line 1: TypeError: this.item is null
JavaScript error: https://www.cda.pl/video/1124155a7, line 3626: ReferenceError: FB is not defined
JavaScript error: https://tpc.googlesyndication.com/safeframe/1-0-17/html/container.html?n=1, line 12: SecurityError: Permission denied to access property "document" on cross-origin object

###!!! [Child][RunMessage] Error: Channel closing: too late to send/recv, messages will be lost


###!!! [Child][RunMessage] Error: Channel closing: too late to send/recv, messages will be lost


###!!! [Child][RunMessage] Error: Channel closing: too late to send/recv, messages will be lost

